#
# A fatal error has been detected by the Java Runtime Environment:
#
#  Internal Error (./src/hotspot/share/gc/g1/heapRegionRemSet.cpp:702), pid=2056, tid=9312
#  guarantee(!_code_roots.contains(nm)) failed: duplicate entry found
#
# JRE version: OpenJDK Runtime Environment (11.0.11+9) (build 11.0.11+9-b60-7590822)
# Java VM: OpenJDK 64-Bit Server VM (11.0.11+9-b60-7590822, mixed mode, tiered, compressed oops, g1 gc, windows-amd64)
# No core dump will be written. Minidumps are not enabled by default on client versions of Windows
#
# If you would like to submit a bug report, please visit:
#   https://bugreport.java.com/bugreport/crash.jsp
#

---------------  S U M M A R Y ------------

Command Line: --add-opens=java.base/java.util=ALL-UNNAMED --add-opens=java.base/java.lang=ALL-UNNAMED --add-opens=java.base/java.lang.invoke=ALL-UNNAMED --add-opens=java.base/java.util=ALL-UNNAMED --add-opens=java.prefs/java.util.prefs=ALL-UNNAMED --add-opens=java.prefs/java.util.prefs=ALL-UNNAMED --add-opens=java.base/java.nio.charset=ALL-UNNAMED --add-opens=java.base/java.net=ALL-UNNAMED --add-opens=java.base/java.util.concurrent.atomic=ALL-UNNAMED -Xmx2048m -Dfile.encoding=UTF-8 -Duser.country=BR -Duser.language=pt -Duser.variant org.gradle.launcher.daemon.bootstrap.GradleDaemon 7.2

Host: Intel(R) Core(TM) i7-7700HQ CPU @ 2.80GHz, 8 cores, 15G,  Windows 10 , 64 bit Build 19041 (10.0.19041.1503)
Time: Thu Mar 31 11:53:40 2022 Hora oficial do Brasil elapsed time: 10532.262837 seconds (0d 2h 55m 32s)

---------------  T H R E A D  ---------------

Current thread (0x0000018fb036e800):  JavaThread "Sweeper thread" daemon [_thread_in_vm, id=9312, stack(0x0000004420b00000,0x0000004420c00000)]

Stack: [0x0000004420b00000,0x0000004420c00000]
Native frames: (J=compiled Java code, j=interpreted, Vv=VM code, C=native code)
V  [jvm.dll+0x5f214a]
V  [jvm.dll+0x726fb5]
V  [jvm.dll+0x7285cd]
V  [jvm.dll+0x728c37]
V  [jvm.dll+0x2431cc]
V  [jvm.dll+0x34e655]
V  [jvm.dll+0x5cc4c0]
V  [jvm.dll+0x2ddd3f]
V  [jvm.dll+0x5cb6ba]
V  [jvm.dll+0x6b94ee]
V  [jvm.dll+0x6b9718]
V  [jvm.dll+0x6b9188]
V  [jvm.dll+0x6b9c4d]
V  [jvm.dll+0x6ef58f]
V  [jvm.dll+0x6e80b5]
V  [jvm.dll+0x5f1036]
C  [ucrtbase.dll+0x21bb2]
C  [KERNEL32.DLL+0x17034]
C  [ntdll.dll+0x52651]


---------------  P R O C E S S  ---------------

Threads class SMR info:
_java_thread_list=0x0000018fbabbbaa0, length=43, elements={
0x0000018f955ed000, 0x0000018fb0302800, 0x0000018fb030e000, 0x0000018fb02fe800,
0x0000018fb035b800, 0x0000018fb035d800, 0x0000018fb0361800, 0x0000018fb036b000,
0x0000018fb036e800, 0x0000018fb04d6800, 0x0000018fb1be1000, 0x0000018fb087a800,
0x0000018fb0a8e000, 0x0000018fb24c4800, 0x0000018fb24c7000, 0x0000018fb24c5800,
0x0000018fb08c2800, 0x0000018fb08bf800, 0x0000018fb08c6000, 0x0000018fb08c1000,
0x0000018fb08cd000, 0x0000018fb08cb800, 0x0000018fb08c8800, 0x0000018fb2f5f000,
0x0000018fb2f60800, 0x0000018fb2f61800, 0x0000018fb2f5b800, 0x0000018fb2f62000,
0x0000018fb2f63000, 0x0000018fb9ea0800, 0x0000018fbaf4d800, 0x0000018fba64d000,
0x0000018fba64d800, 0x0000018fba64f800, 0x0000018fba651000, 0x0000018fba64e800,
0x0000018fba650000, 0x0000018fba64b000, 0x0000018fba651800, 0x0000018fba652800,
0x0000018fba654000, 0x0000018fba655000, 0x0000018fb85da800
}

Java Threads: ( => current thread )
  0x0000018f955ed000 JavaThread "main" [_thread_blocked, id=7500, stack(0x000000441fd00000,0x000000441fe00000)]
  0x0000018fb0302800 JavaThread "Reference Handler" daemon [_thread_blocked, id=7104, stack(0x0000004420400000,0x0000004420500000)]
  0x0000018fb030e000 JavaThread "Finalizer" daemon [_thread_blocked, id=10208, stack(0x0000004420500000,0x0000004420600000)]
  0x0000018fb02fe800 JavaThread "Signal Dispatcher" daemon [_thread_blocked, id=5424, stack(0x0000004420600000,0x0000004420700000)]
  0x0000018fb035b800 JavaThread "Attach Listener" daemon [_thread_blocked, id=3568, stack(0x0000004420700000,0x0000004420800000)]
  0x0000018fb035d800 JavaThread "Service Thread" daemon [_thread_blocked, id=3924, stack(0x0000004420800000,0x0000004420900000)]
  0x0000018fb0361800 JavaThread "C2 CompilerThread0" daemon [_thread_in_native, id=9240, stack(0x0000004420900000,0x0000004420a00000)]
  0x0000018fb036b000 JavaThread "C1 CompilerThread0" daemon [_thread_blocked, id=1540, stack(0x0000004420a00000,0x0000004420b00000)]
=>0x0000018fb036e800 JavaThread "Sweeper thread" daemon [_thread_in_vm, id=9312, stack(0x0000004420b00000,0x0000004420c00000)]
  0x0000018fb04d6800 JavaThread "Common-Cleaner" daemon [_thread_blocked, id=2332, stack(0x0000004420c00000,0x0000004420d00000)]
  0x0000018fb1be1000 JavaThread "Daemon health stats" [_thread_blocked, id=2900, stack(0x0000004421500000,0x0000004421600000)]
  0x0000018fb087a800 JavaThread "Incoming local TCP Connector on port 50868" [_thread_in_native, id=5272, stack(0x0000004420e00000,0x0000004420f00000)]
  0x0000018fb0a8e000 JavaThread "Daemon periodic checks" [_thread_blocked, id=6240, stack(0x0000004420f00000,0x0000004421000000)]
  0x0000018fb24c4800 JavaThread "Cache worker for journal cache (C:\Users\Ester\.gradle\caches\journal-1)" [_thread_blocked, id=9908, stack(0x0000004422000000,0x0000004422100000)]
  0x0000018fb24c7000 JavaThread "File lock request listener" [_thread_in_native, id=4660, stack(0x0000004422100000,0x0000004422200000)]
  0x0000018fb24c5800 JavaThread "Cache worker for file hash cache (C:\Users\Ester\.gradle\caches\7.2\fileHashes)" [_thread_blocked, id=10192, stack(0x0000004422200000,0x0000004422300000)]
  0x0000018fb08c2800 JavaThread "File watcher server" daemon [_thread_in_native, id=9612, stack(0x0000004422500000,0x0000004422600000)]
  0x0000018fb08bf800 JavaThread "File watcher consumer" daemon [_thread_blocked, id=2328, stack(0x0000004422600000,0x0000004422700000)]
  0x0000018fb08c6000 JavaThread "Cache worker for execution history cache (C:\Users\Ester\.gradle\caches\7.2\executionHistory)" [_thread_blocked, id=2808, stack(0x0000004422a00000,0x0000004422b00000)]
  0x0000018fb08c1000 JavaThread "jar transforms" [_thread_blocked, id=7804, stack(0x0000004422b00000,0x0000004422c00000)]
  0x0000018fb08cd000 JavaThread "Cache worker for file content cache (C:\Users\Ester\.gradle\caches\7.2\fileContent)" [_thread_blocked, id=7240, stack(0x0000004422c00000,0x0000004422d00000)]
  0x0000018fb08cb800 JavaThread "jar transforms Thread 2" [_thread_blocked, id=8792, stack(0x0000004422e00000,0x0000004422f00000)]
  0x0000018fb08c8800 JavaThread "jar transforms Thread 3" [_thread_blocked, id=5912, stack(0x0000004422d00000,0x0000004422e00000)]
  0x0000018fb2f5f000 JavaThread "jar transforms Thread 4" [_thread_blocked, id=9472, stack(0x0000004428100000,0x0000004428200000)]
  0x0000018fb2f60800 JavaThread "jar transforms Thread 5" [_thread_blocked, id=3432, stack(0x0000004428200000,0x0000004428300000)]
  0x0000018fb2f61800 JavaThread "jar transforms Thread 6" [_thread_blocked, id=10180, stack(0x0000004428300000,0x0000004428400000)]
  0x0000018fb2f5b800 JavaThread "jar transforms Thread 7" [_thread_blocked, id=8428, stack(0x0000004428400000,0x0000004428500000)]
  0x0000018fb2f62000 JavaThread "jar transforms Thread 8" [_thread_blocked, id=2360, stack(0x0000004428500000,0x0000004428600000)]
  0x0000018fb2f63000 JavaThread "Memory manager" [_thread_blocked, id=8044, stack(0x0000004428800000,0x0000004428900000)]
  0x0000018fb9ea0800 JavaThread "Cache worker for Java compile cache (C:\Users\Ester\.gradle\caches\7.2\javaCompile)" [_thread_blocked, id=9252, stack(0x0000004429f00000,0x000000442a000000)]
  0x0000018fbaf4d800 JavaThread "ForkJoinPool.commonPool-worker-9" daemon [_thread_blocked, id=2968, stack(0x000000442a700000,0x000000442a800000)]
  0x0000018fba64d000 JavaThread "Daemon Thread 9" [_thread_blocked, id=7348, stack(0x000000441fa00000,0x000000441fb00000)]
  0x0000018fba64d800 JavaThread "Handler for socket connection from /127.0.0.1:50868 to /127.0.0.1:53706" [_thread_in_native, id=3380, stack(0x000000441fb00000,0x000000441fc00000)]
  0x0000018fba64f800 JavaThread "Cancel handler" [_thread_blocked, id=7200, stack(0x000000441fc00000,0x000000441fd00000)]
  0x0000018fba651000 JavaThread "Daemon worker Thread 9" [_thread_blocked, id=1628, stack(0x0000004421600000,0x0000004421700000)]
  0x0000018fba64e800 JavaThread "Asynchronous log dispatcher for DefaultDaemonConnection: socket connection from /127.0.0.1:50868 to /127.0.0.1:53706" [_thread_blocked, id=8320, stack(0x0000004421700000,0x0000004421800000)]
  0x0000018fba650000 JavaThread "Stdin handler" [_thread_blocked, id=7816, stack(0x0000004421800000,0x0000004421900000)]
  0x0000018fba64b000 JavaThread "Daemon client event forwarder" [_thread_blocked, id=7372, stack(0x0000004421900000,0x0000004421a00000)]
  0x0000018fba651800 JavaThread "Cache worker for file hash cache (C:\Users\Ester\AndroidStudioProjects\AplicativoSorteios\.gradle\7.2\fileHashes)" [_thread_blocked, id=6868, stack(0x0000004421a00000,0x0000004421b00000)]
  0x0000018fba652800 JavaThread "Cache worker for checksums cache (C:\Users\Ester\AndroidStudioProjects\AplicativoSorteios\.gradle\checksums)" [_thread_blocked, id=2644, stack(0x0000004421b00000,0x0000004421c00000)]
  0x0000018fba654000 JavaThread "Cache worker for cache directory md-supplier (C:\Users\Ester\.gradle\caches\7.2\md-supplier)" [_thread_blocked, id=2172, stack(0x0000004421c00000,0x0000004421d00000)]
  0x0000018fba655000 JavaThread "Cache worker for cache directory md-rule (C:\Users\Ester\.gradle\caches\7.2\md-rule)" [_thread_blocked, id=7732, stack(0x0000004422400000,0x0000004422500000)]
  0x0000018fb85da800 JavaThread "C2 CompilerThread1" daemon [_thread_in_native, id=9000, stack(0x0000004422700000,0x0000004422800000)]

Other Threads:
  0x0000018fb02ef000 VMThread "VM Thread" [stack: 0x0000004420300000,0x0000004420400000] [id=4064]
  0x0000018fb04e8800 WatcherThread [stack: 0x0000004420d00000,0x0000004420e00000] [id=9936]
  0x0000018f95603800 GCTaskThread "GC Thread#0" [stack: 0x000000441fe00000,0x000000441ff00000] [id=5080]
  0x0000018fb1560800 GCTaskThread "GC Thread#1" [stack: 0x0000004421000000,0x0000004421100000] [id=9292]
  0x0000018fb16d5000 GCTaskThread "GC Thread#2" [stack: 0x0000004421100000,0x0000004421200000] [id=456]
  0x0000018fb14d3000 GCTaskThread "GC Thread#3" [stack: 0x0000004421200000,0x0000004421300000] [id=3812]
  0x0000018fb0b49000 GCTaskThread "GC Thread#4" [stack: 0x0000004421300000,0x0000004421400000] [id=6916]
  0x0000018fb190f000 GCTaskThread "GC Thread#5" [stack: 0x0000004421400000,0x0000004421500000] [id=9172]
  0x0000018fb27c6000 GCTaskThread "GC Thread#6" [stack: 0x0000004421d00000,0x0000004421e00000] [id=10172]
  0x0000018fb3940800 GCTaskThread "GC Thread#7" [stack: 0x0000004421e00000,0x0000004421f00000] [id=5940]
  0x0000018f95637800 ConcurrentGCThread "G1 Main Marker" [stack: 0x000000441ff00000,0x0000004420000000] [id=8732]
  0x0000018f95638800 ConcurrentGCThread "G1 Conc#0" [stack: 0x0000004420000000,0x0000004420100000] [id=6608]
  0x0000018fb2fc2000 ConcurrentGCThread "G1 Conc#1" [stack: 0x0000004422300000,0x0000004422400000] [id=7080]
  0x0000018faf93e800 ConcurrentGCThread "G1 Refine#0" [stack: 0x0000004420100000,0x0000004420200000] [id=8360]
  0x0000018fb1a02000 ConcurrentGCThread "G1 Refine#1" [stack: 0x0000004421f00000,0x0000004422000000] [id=9624]
  0x0000018faf93f800 ConcurrentGCThread "G1 Young RemSet Sampling" [stack: 0x0000004420200000,0x0000004420300000] [id=5820]

Threads with active compile tasks:
C2 CompilerThread010532355 27719       4       java.beans.MethodRef::set (58 bytes)
C2 CompilerThread110532355 27717   !   4       java.lang.reflect.Executable::declaredAnnotations (85 bytes)

VM state:synchronizing (normal execution)

VM Mutex/Monitor currently owned by a thread:  ([mutex/lock_event])
[0x0000018f955e7c00] CodeCache_lock - owner thread: 0x0000018fb036e800
[0x0000018f955e96c0] Threads_lock - owner thread: 0x0000018fb02ef000

Heap address: 0x0000000080000000, size: 2048 MB, Compressed Oops mode: 32-bit
Narrow klass base: 0x0000000000000000, Narrow klass shift: 3
Compressed class space size: 1073741824 Address: 0x0000000100000000

Heap:
 garbage-first heap   total 262144K, used 161471K [0x0000000080000000, 0x0000000100000000)
  region size 1024K, 49 young (50176K), 1 survivors (1024K)
 Metaspace       used 125912K, capacity 130431K, committed 130748K, reserved 1163264K
  class space    used 15650K, capacity 17320K, committed 17536K, reserved 1048576K
Heap Regions: E=young(eden), S=young(survivor), O=old, HS=humongous(starts), HC=humongous(continues), CS=collection set, F=free, A=archive, TAMS=top-at-mark-start (previous, next)
|   0|0x0000000080000000, 0x0000000080100000, 0x0000000080100000|100%| O|  |TAMS 0x0000000080100000, 0x0000000080000000| Complete 
|   1|0x0000000080100000, 0x0000000080200000, 0x0000000080200000|100%| O|  |TAMS 0x0000000080200000, 0x0000000080100000| Untracked 
|   2|0x0000000080200000, 0x0000000080300000, 0x0000000080300000|100%| O|  |TAMS 0x0000000080300000, 0x0000000080200000| Untracked 
|   3|0x0000000080300000, 0x0000000080400000, 0x0000000080400000|100%|HS|  |TAMS 0x0000000080400000, 0x0000000080300000| Complete 
|   4|0x0000000080400000, 0x0000000080500000, 0x0000000080500000|100%|HC|  |TAMS 0x0000000080500000, 0x0000000080400000| Complete 
|   5|0x0000000080500000, 0x0000000080600000, 0x0000000080600000|100%|HC|  |TAMS 0x0000000080600000, 0x0000000080500000| Complete 
|   6|0x0000000080600000, 0x0000000080700000, 0x0000000080700000|100%| O|  |TAMS 0x0000000080700000, 0x0000000080600000| Complete 
|   7|0x0000000080700000, 0x0000000080800000, 0x0000000080800000|100%| O|  |TAMS 0x0000000080800000, 0x0000000080700000| Complete 
|   8|0x0000000080800000, 0x0000000080900000, 0x0000000080900000|100%| O|  |TAMS 0x0000000080900000, 0x0000000080800000| Untracked 
|   9|0x0000000080900000, 0x0000000080a00000, 0x0000000080a00000|100%| O|  |TAMS 0x0000000080a00000, 0x0000000080900000| Complete 
|  10|0x0000000080a00000, 0x0000000080b00000, 0x0000000080b00000|100%| O|  |TAMS 0x0000000080b00000, 0x0000000080a00000| Untracked 
|  11|0x0000000080b00000, 0x0000000080c00000, 0x0000000080c00000|100%| O|  |TAMS 0x0000000080c00000, 0x0000000080b00000| Untracked 
|  12|0x0000000080c00000, 0x0000000080d00000, 0x0000000080d00000|100%| O|  |TAMS 0x0000000080d00000, 0x0000000080c00000| Untracked 
|  13|0x0000000080d00000, 0x0000000080e00000, 0x0000000080e00000|100%| O|  |TAMS 0x0000000080e00000, 0x0000000080d00000| Untracked 
|  14|0x0000000080e00000, 0x0000000080f00000, 0x0000000080f00000|100%| O|  |TAMS 0x0000000080f00000, 0x0000000080e00000| Untracked 
|  15|0x0000000080f00000, 0x0000000081000000, 0x0000000081000000|100%| O|  |TAMS 0x0000000081000000, 0x0000000080f00000| Complete 
|  16|0x0000000081000000, 0x0000000081100000, 0x0000000081100000|100%| O|  |TAMS 0x0000000081100000, 0x0000000081000000| Complete 
|  17|0x0000000081100000, 0x0000000081200000, 0x0000000081200000|100%|HS|  |TAMS 0x0000000081200000, 0x0000000081100000| Complete 
|  18|0x0000000081200000, 0x0000000081300000, 0x0000000081300000|100%|HS|  |TAMS 0x0000000081300000, 0x0000000081200000| Complete 
|  19|0x0000000081300000, 0x0000000081400000, 0x0000000081400000|100%|HS|  |TAMS 0x0000000081400000, 0x0000000081300000| Complete 
|  20|0x0000000081400000, 0x0000000081500000, 0x0000000081500000|100%|HS|  |TAMS 0x0000000081500000, 0x0000000081400000| Complete 
|  21|0x0000000081500000, 0x0000000081600000, 0x0000000081600000|100%|HC|  |TAMS 0x0000000081600000, 0x0000000081500000| Complete 
|  22|0x0000000081600000, 0x0000000081700000, 0x0000000081700000|100%| O|  |TAMS 0x0000000081700000, 0x0000000081600000| Complete 
|  23|0x0000000081700000, 0x0000000081800000, 0x0000000081800000|100%| O|  |TAMS 0x0000000081800000, 0x0000000081700000| Untracked 
|  24|0x0000000081800000, 0x0000000081900000, 0x0000000081900000|100%| O|  |TAMS 0x0000000081900000, 0x0000000081800000| Complete 
|  25|0x0000000081900000, 0x0000000081a00000, 0x0000000081a00000|100%| O|  |TAMS 0x0000000081a00000, 0x0000000081900000| Complete 
|  26|0x0000000081a00000, 0x0000000081b00000, 0x0000000081b00000|100%| O|  |TAMS 0x0000000081b00000, 0x0000000081a00000| Complete 
|  27|0x0000000081b00000, 0x0000000081c00000, 0x0000000081c00000|100%| O|  |TAMS 0x0000000081c00000, 0x0000000081b00000| Complete 
|  28|0x0000000081c00000, 0x0000000081d00000, 0x0000000081d00000|100%| O|  |TAMS 0x0000000081d00000, 0x0000000081c00000| Complete 
|  29|0x0000000081d00000, 0x0000000081e00000, 0x0000000081e00000|100%| O|  |TAMS 0x0000000081e00000, 0x0000000081d00000| Complete 
|  30|0x0000000081e00000, 0x0000000081f00000, 0x0000000081f00000|100%| O|  |TAMS 0x0000000081f00000, 0x0000000081e00000| Untracked 
|  31|0x0000000081f00000, 0x0000000082000000, 0x0000000082000000|100%| O|  |TAMS 0x0000000082000000, 0x0000000081f00000| Untracked 
|  32|0x0000000082000000, 0x0000000082100000, 0x0000000082100000|100%| O|  |TAMS 0x0000000082100000, 0x0000000082000000| Complete 
|  33|0x0000000082100000, 0x0000000082200000, 0x0000000082200000|100%| O|  |TAMS 0x0000000082200000, 0x0000000082100000| Complete 
|  34|0x0000000082200000, 0x0000000082300000, 0x0000000082300000|100%| O|  |TAMS 0x0000000082300000, 0x0000000082200000| Complete 
|  35|0x0000000082300000, 0x0000000082400000, 0x0000000082400000|100%| O|  |TAMS 0x0000000082400000, 0x0000000082300000| Untracked 
|  36|0x0000000082400000, 0x0000000082500000, 0x0000000082500000|100%| O|  |TAMS 0x0000000082500000, 0x0000000082400000| Untracked 
|  37|0x0000000082500000, 0x0000000082600000, 0x0000000082600000|100%| O|  |TAMS 0x0000000082600000, 0x0000000082500000| Untracked 
|  38|0x0000000082600000, 0x0000000082700000, 0x0000000082700000|100%| O|  |TAMS 0x0000000082700000, 0x0000000082600000| Untracked 
|  39|0x0000000082700000, 0x0000000082800000, 0x0000000082800000|100%| O|  |TAMS 0x0000000082800000, 0x0000000082700000| Untracked 
|  40|0x0000000082800000, 0x0000000082900000, 0x0000000082900000|100%| O|  |TAMS 0x0000000082900000, 0x0000000082800000| Untracked 
|  41|0x0000000082900000, 0x0000000082a00000, 0x0000000082a00000|100%| O|  |TAMS 0x0000000082a00000, 0x0000000082900000| Complete 
|  42|0x0000000082a00000, 0x0000000082b00000, 0x0000000082b00000|100%| O|  |TAMS 0x0000000082b00000, 0x0000000082a00000| Complete 
|  43|0x0000000082b00000, 0x0000000082c00000, 0x0000000082c00000|100%| O|  |TAMS 0x0000000082c00000, 0x0000000082b00000| Complete 
|  44|0x0000000082c00000, 0x0000000082d00000, 0x0000000082d00000|100%| O|  |TAMS 0x0000000082d00000, 0x0000000082c00000| Complete 
|  45|0x0000000082d00000, 0x0000000082e00000, 0x0000000082e00000|100%| O|  |TAMS 0x0000000082e00000, 0x0000000082d00000| Complete 
|  46|0x0000000082e00000, 0x0000000082f00000, 0x0000000082f00000|100%| O|  |TAMS 0x0000000082f00000, 0x0000000082e00000| Complete 
|  47|0x0000000082f00000, 0x0000000083000000, 0x0000000083000000|100%| O|  |TAMS 0x0000000083000000, 0x0000000082f00000| Complete 
|  48|0x0000000083000000, 0x0000000083100000, 0x0000000083100000|100%| O|  |TAMS 0x0000000083100000, 0x0000000083000000| Complete 
|  49|0x0000000083100000, 0x0000000083200000, 0x0000000083200000|100%| O|  |TAMS 0x0000000083200000, 0x0000000083100000| Complete 
|  50|0x0000000083200000, 0x0000000083300000, 0x0000000083300000|100%| O|  |TAMS 0x0000000083300000, 0x0000000083200000| Complete 
|  51|0x0000000083300000, 0x0000000083400000, 0x0000000083400000|100%|HS|  |TAMS 0x0000000083300000, 0x0000000083300000| Complete 
|  52|0x0000000083400000, 0x0000000083500000, 0x0000000083500000|100%|HC|  |TAMS 0x0000000083400000, 0x0000000083400000| Complete 
|  53|0x0000000083500000, 0x0000000083500000, 0x0000000083600000|  0%| F|  |TAMS 0x0000000083500000, 0x0000000083500000| Untracked 
|  54|0x0000000083600000, 0x0000000083700000, 0x0000000083700000|100%| O|  |TAMS 0x0000000083700000, 0x0000000083600000| Complete 
|  55|0x0000000083700000, 0x0000000083800000, 0x0000000083800000|100%| O|  |TAMS 0x0000000083800000, 0x0000000083700000| Untracked 
|  56|0x0000000083800000, 0x0000000083900000, 0x0000000083900000|100%| O|  |TAMS 0x0000000083900000, 0x0000000083800000| Complete 
|  57|0x0000000083900000, 0x0000000083a00000, 0x0000000083a00000|100%|HS|  |TAMS 0x0000000083900000, 0x0000000083900000| Complete 
|  58|0x0000000083a00000, 0x0000000083b00000, 0x0000000083b00000|100%|HC|  |TAMS 0x0000000083a00000, 0x0000000083a00000| Complete 
|  59|0x0000000083b00000, 0x0000000083c00000, 0x0000000083c00000|100%| O|  |TAMS 0x0000000083c00000, 0x0000000083b00000| Untracked 
|  60|0x0000000083c00000, 0x0000000083d00000, 0x0000000083d00000|100%| O|  |TAMS 0x0000000083d00000, 0x0000000083c00000| Complete 
|  61|0x0000000083d00000, 0x0000000083e00000, 0x0000000083e00000|100%| O|  |TAMS 0x0000000083e00000, 0x0000000083d00000| Complete 
|  62|0x0000000083e00000, 0x0000000083f00000, 0x0000000083f00000|100%| O|  |TAMS 0x0000000083f00000, 0x0000000083e00000| Untracked 
|  63|0x0000000083f00000, 0x0000000084000000, 0x0000000084000000|100%| O|  |TAMS 0x0000000084000000, 0x0000000083f00000| Complete 
|  64|0x0000000084000000, 0x0000000084100000, 0x0000000084100000|100%| O|  |TAMS 0x0000000084100000, 0x0000000084000000| Untracked 
|  65|0x0000000084100000, 0x0000000084200000, 0x0000000084200000|100%| O|  |TAMS 0x0000000084200000, 0x0000000084100000| Complete 
|  66|0x0000000084200000, 0x0000000084200000, 0x0000000084300000|  0%| F|  |TAMS 0x0000000084200000, 0x0000000084200000| Untracked 
|  67|0x0000000084300000, 0x0000000084400000, 0x0000000084400000|100%| O|  |TAMS 0x0000000084400000, 0x0000000084300000| Complete 
|  68|0x0000000084400000, 0x0000000084500000, 0x0000000084500000|100%| O|  |TAMS 0x0000000084500000, 0x0000000084400000| Complete 
|  69|0x0000000084500000, 0x0000000084600000, 0x0000000084600000|100%| O|  |TAMS 0x0000000084600000, 0x0000000084500000| Complete 
|  70|0x0000000084600000, 0x0000000084700000, 0x0000000084700000|100%| O|  |TAMS 0x0000000084700000, 0x0000000084600000| Complete 
|  71|0x0000000084700000, 0x0000000084800000, 0x0000000084800000|100%| O|  |TAMS 0x0000000084800000, 0x0000000084700000| Complete 
|  72|0x0000000084800000, 0x0000000084900000, 0x0000000084900000|100%| O|  |TAMS 0x0000000084900000, 0x0000000084800000| Complete 
|  73|0x0000000084900000, 0x0000000084a00000, 0x0000000084a00000|100%| O|  |TAMS 0x0000000084a00000, 0x0000000084900000| Complete 
|  74|0x0000000084a00000, 0x0000000084b00000, 0x0000000084b00000|100%| O|  |TAMS 0x0000000084b00000, 0x0000000084a00000| Complete 
|  75|0x0000000084b00000, 0x0000000084c00000, 0x0000000084c00000|100%| O|  |TAMS 0x0000000084c00000, 0x0000000084b00000| Untracked 
|  76|0x0000000084c00000, 0x0000000084d00000, 0x0000000084d00000|100%| O|  |TAMS 0x0000000084d00000, 0x0000000084c00000| Complete 
|  77|0x0000000084d00000, 0x0000000084e00000, 0x0000000084e00000|100%| O|  |TAMS 0x0000000084e00000, 0x0000000084d00000| Untracked 
|  78|0x0000000084e00000, 0x0000000084f00000, 0x0000000084f00000|100%| O|  |TAMS 0x0000000084f00000, 0x0000000084e00000| Complete 
|  79|0x0000000084f00000, 0x0000000085000000, 0x0000000085000000|100%| O|  |TAMS 0x0000000085000000, 0x0000000084f00000| Complete 
|  80|0x0000000085000000, 0x0000000085100000, 0x0000000085100000|100%|HS|  |TAMS 0x0000000085000000, 0x0000000085000000| Complete 
|  81|0x0000000085100000, 0x0000000085200000, 0x0000000085200000|100%|HC|  |TAMS 0x0000000085100000, 0x0000000085100000| Complete 
|  82|0x0000000085200000, 0x0000000085300000, 0x0000000085300000|100%| O|  |TAMS 0x0000000085300000, 0x0000000085200000| Complete 
|  83|0x0000000085300000, 0x0000000085400000, 0x0000000085400000|100%| O|  |TAMS 0x0000000085400000, 0x0000000085300000| Complete 
|  84|0x0000000085400000, 0x0000000085500000, 0x0000000085500000|100%| O|  |TAMS 0x0000000085500000, 0x0000000085400000| Complete 
|  85|0x0000000085500000, 0x0000000085600000, 0x0000000085600000|100%| O|  |TAMS 0x0000000085600000, 0x0000000085500000| Complete 
|  86|0x0000000085600000, 0x0000000085700000, 0x0000000085700000|100%| O|  |TAMS 0x0000000085700000, 0x0000000085600000| Complete 
|  87|0x0000000085700000, 0x0000000085800000, 0x0000000085800000|100%| O|  |TAMS 0x0000000085800000, 0x0000000085700000| Complete 
|  88|0x0000000085800000, 0x0000000085800000, 0x0000000085900000|  0%| F|  |TAMS 0x0000000085800000, 0x0000000085800000| Untracked 
|  89|0x0000000085900000, 0x0000000085a00000, 0x0000000085a00000|100%| O|  |TAMS 0x0000000085a00000, 0x0000000085900000| Complete 
|  90|0x0000000085a00000, 0x0000000085b00000, 0x0000000085b00000|100%| O|  |TAMS 0x0000000085b00000, 0x0000000085a00000| Untracked 
|  91|0x0000000085b00000, 0x0000000085c00000, 0x0000000085c00000|100%| O|  |TAMS 0x0000000085c00000, 0x0000000085b00000| Complete 
|  92|0x0000000085c00000, 0x0000000085c00000, 0x0000000085d00000|  0%| F|  |TAMS 0x0000000085c00000, 0x0000000085c00000| Untracked 
|  93|0x0000000085d00000, 0x0000000085e00000, 0x0000000085e00000|100%| O|  |TAMS 0x0000000085e00000, 0x0000000085d00000| Complete 
|  94|0x0000000085e00000, 0x0000000085f00000, 0x0000000085f00000|100%| O|  |TAMS 0x0000000085f00000, 0x0000000085e00000| Complete 
|  95|0x0000000085f00000, 0x0000000086000000, 0x0000000086000000|100%| O|  |TAMS 0x0000000086000000, 0x0000000085f00000| Complete 
|  96|0x0000000086000000, 0x0000000086100000, 0x0000000086100000|100%| O|  |TAMS 0x0000000086100000, 0x0000000086000000| Complete 
|  97|0x0000000086100000, 0x0000000086200000, 0x0000000086200000|100%| O|  |TAMS 0x0000000086200000, 0x0000000086100000| Complete 
|  98|0x0000000086200000, 0x0000000086300000, 0x0000000086300000|100%| O|  |TAMS 0x0000000086300000, 0x0000000086200000| Complete 
|  99|0x0000000086300000, 0x0000000086400000, 0x0000000086400000|100%| O|  |TAMS 0x0000000086400000, 0x0000000086300000| Complete 
| 100|0x0000000086400000, 0x0000000086500000, 0x0000000086500000|100%| O|  |TAMS 0x0000000086500000, 0x0000000086400000| Untracked 
| 101|0x0000000086500000, 0x0000000086600000, 0x0000000086600000|100%| O|  |TAMS 0x0000000086600000, 0x0000000086500000| Complete 
| 102|0x0000000086600000, 0x00000000866dca00, 0x0000000086700000| 86%| O|  |TAMS 0x00000000866dca00, 0x0000000086600000| Untracked 
| 103|0x0000000086700000, 0x0000000086800000, 0x0000000086800000|100%|HS|  |TAMS 0x0000000086700000, 0x0000000086700000| Complete 
| 104|0x0000000086800000, 0x0000000086900000, 0x0000000086900000|100%|HC|  |TAMS 0x0000000086800000, 0x0000000086800000| Complete 
| 105|0x0000000086900000, 0x0000000086a00000, 0x0000000086a00000|100%|HS|  |TAMS 0x0000000086900000, 0x0000000086900000| Complete 
| 106|0x0000000086a00000, 0x0000000086b00000, 0x0000000086b00000|100%|HC|  |TAMS 0x0000000086a00000, 0x0000000086a00000| Complete 
| 107|0x0000000086b00000, 0x0000000086c00000, 0x0000000086c00000|100%|HC|  |TAMS 0x0000000086b00000, 0x0000000086b00000| Complete 
| 108|0x0000000086c00000, 0x0000000086d00000, 0x0000000086d00000|100%| O|  |TAMS 0x0000000086d00000, 0x0000000086c00000| Untracked 
| 109|0x0000000086d00000, 0x0000000086e00000, 0x0000000086e00000|100%| O|  |TAMS 0x0000000086e00000, 0x0000000086d00000| Complete 
| 110|0x0000000086e00000, 0x0000000086f00000, 0x0000000086f00000|100%|HS|  |TAMS 0x0000000086e00000, 0x0000000086e00000| Complete 
| 111|0x0000000086f00000, 0x0000000087000000, 0x0000000087000000|100%|HC|  |TAMS 0x0000000086f00000, 0x0000000086f00000| Complete 
| 112|0x0000000087000000, 0x0000000087100000, 0x0000000087100000|100%|HC|  |TAMS 0x0000000087000000, 0x0000000087000000| Complete 
| 113|0x0000000087100000, 0x0000000087200000, 0x0000000087200000|100%|HC|  |TAMS 0x0000000087100000, 0x0000000087100000| Complete 
| 114|0x0000000087200000, 0x0000000087200000, 0x0000000087300000|  0%| F|  |TAMS 0x0000000087200000, 0x0000000087200000| Untracked 
| 115|0x0000000087300000, 0x0000000087300000, 0x0000000087400000|  0%| F|  |TAMS 0x0000000087300000, 0x0000000087300000| Untracked 
| 116|0x0000000087400000, 0x0000000087400000, 0x0000000087500000|  0%| F|  |TAMS 0x0000000087400000, 0x0000000087400000| Untracked 
| 117|0x0000000087500000, 0x0000000087500000, 0x0000000087600000|  0%| F|  |TAMS 0x0000000087500000, 0x0000000087500000| Untracked 
| 118|0x0000000087600000, 0x0000000087600000, 0x0000000087700000|  0%| F|  |TAMS 0x0000000087600000, 0x0000000087600000| Untracked 
| 119|0x0000000087700000, 0x0000000087800000, 0x0000000087800000|100%| O|  |TAMS 0x0000000087800000, 0x0000000087700000| Complete 
| 120|0x0000000087800000, 0x0000000087800000, 0x0000000087900000|  0%| F|  |TAMS 0x0000000087800000, 0x0000000087800000| Untracked 
| 121|0x0000000087900000, 0x0000000087900000, 0x0000000087a00000|  0%| F|  |TAMS 0x0000000087900000, 0x0000000087900000| Untracked 
| 122|0x0000000087a00000, 0x0000000087a00000, 0x0000000087b00000|  0%| F|  |TAMS 0x0000000087a00000, 0x0000000087a00000| Untracked 
| 123|0x0000000087b00000, 0x0000000087b00000, 0x0000000087c00000|  0%| F|  |TAMS 0x0000000087b00000, 0x0000000087b00000| Untracked 
| 124|0x0000000087c00000, 0x0000000087c00000, 0x0000000087d00000|  0%| F|  |TAMS 0x0000000087c00000, 0x0000000087c00000| Untracked 
| 125|0x0000000087d00000, 0x0000000087d00000, 0x0000000087e00000|  0%| F|  |TAMS 0x0000000087d00000, 0x0000000087d00000| Untracked 
| 126|0x0000000087e00000, 0x0000000087e00000, 0x0000000087f00000|  0%| F|  |TAMS 0x0000000087e00000, 0x0000000087e00000| Untracked 
| 127|0x0000000087f00000, 0x0000000087f00000, 0x0000000088000000|  0%| F|  |TAMS 0x0000000087f00000, 0x0000000087f00000| Untracked 
| 128|0x0000000088000000, 0x0000000088000000, 0x0000000088100000|  0%| F|  |TAMS 0x0000000088000000, 0x0000000088000000| Untracked 
| 129|0x0000000088100000, 0x0000000088100000, 0x0000000088200000|  0%| F|  |TAMS 0x0000000088100000, 0x0000000088100000| Untracked 
| 130|0x0000000088200000, 0x0000000088200000, 0x0000000088300000|  0%| F|  |TAMS 0x0000000088200000, 0x0000000088200000| Untracked 
| 131|0x0000000088300000, 0x0000000088300000, 0x0000000088400000|  0%| F|  |TAMS 0x0000000088300000, 0x0000000088300000| Untracked 
| 132|0x0000000088400000, 0x0000000088400000, 0x0000000088500000|  0%| F|  |TAMS 0x0000000088400000, 0x0000000088400000| Untracked 
| 133|0x0000000088500000, 0x0000000088500000, 0x0000000088600000|  0%| F|  |TAMS 0x0000000088500000, 0x0000000088500000| Untracked 
| 134|0x0000000088600000, 0x0000000088600000, 0x0000000088700000|  0%| F|  |TAMS 0x0000000088600000, 0x0000000088600000| Untracked 
| 135|0x0000000088700000, 0x0000000088700000, 0x0000000088800000|  0%| F|  |TAMS 0x0000000088700000, 0x0000000088700000| Untracked 
| 136|0x0000000088800000, 0x0000000088800000, 0x0000000088900000|  0%| F|  |TAMS 0x0000000088800000, 0x0000000088800000| Untracked 
| 137|0x0000000088900000, 0x0000000088900000, 0x0000000088a00000|  0%| F|  |TAMS 0x0000000088900000, 0x0000000088900000| Untracked 
| 138|0x0000000088a00000, 0x0000000088a00000, 0x0000000088b00000|  0%| F|  |TAMS 0x0000000088a00000, 0x0000000088a00000| Untracked 
| 139|0x0000000088b00000, 0x0000000088b00000, 0x0000000088c00000|  0%| F|  |TAMS 0x0000000088b00000, 0x0000000088b00000| Untracked 
| 140|0x0000000088c00000, 0x0000000088c00000, 0x0000000088d00000|  0%| F|  |TAMS 0x0000000088c00000, 0x0000000088c00000| Untracked 
| 141|0x0000000088d00000, 0x0000000088d00000, 0x0000000088e00000|  0%| F|  |TAMS 0x0000000088d00000, 0x0000000088d00000| Untracked 
| 142|0x0000000088e00000, 0x0000000088e00000, 0x0000000088f00000|  0%| F|  |TAMS 0x0000000088e00000, 0x0000000088e00000| Untracked 
| 143|0x0000000088f00000, 0x0000000088f00000, 0x0000000089000000|  0%| F|  |TAMS 0x0000000088f00000, 0x0000000088f00000| Untracked 
| 144|0x0000000089000000, 0x0000000089000000, 0x0000000089100000|  0%| F|  |TAMS 0x0000000089000000, 0x0000000089000000| Untracked 
| 145|0x0000000089100000, 0x0000000089100000, 0x0000000089200000|  0%| F|  |TAMS 0x0000000089100000, 0x0000000089100000| Untracked 
| 146|0x0000000089200000, 0x0000000089200000, 0x0000000089300000|  0%| F|  |TAMS 0x0000000089200000, 0x0000000089200000| Untracked 
| 147|0x0000000089300000, 0x0000000089300000, 0x0000000089400000|  0%| F|  |TAMS 0x0000000089300000, 0x0000000089300000| Untracked 
| 148|0x0000000089400000, 0x0000000089400000, 0x0000000089500000|  0%| F|  |TAMS 0x0000000089400000, 0x0000000089400000| Untracked 
| 149|0x0000000089500000, 0x0000000089500000, 0x0000000089600000|  0%| F|  |TAMS 0x0000000089500000, 0x0000000089500000| Untracked 
| 150|0x0000000089600000, 0x0000000089600000, 0x0000000089700000|  0%| F|  |TAMS 0x0000000089600000, 0x0000000089600000| Untracked 
| 151|0x0000000089700000, 0x0000000089700000, 0x0000000089800000|  0%| F|  |TAMS 0x0000000089700000, 0x0000000089700000| Untracked 
| 152|0x0000000089800000, 0x0000000089800000, 0x0000000089900000|  0%| F|  |TAMS 0x0000000089800000, 0x0000000089800000| Untracked 
| 153|0x0000000089900000, 0x0000000089900000, 0x0000000089a00000|  0%| F|  |TAMS 0x0000000089900000, 0x0000000089900000| Untracked 
| 154|0x0000000089a00000, 0x0000000089a00000, 0x0000000089b00000|  0%| F|  |TAMS 0x0000000089a00000, 0x0000000089a00000| Untracked 
| 155|0x0000000089b00000, 0x0000000089b00000, 0x0000000089c00000|  0%| F|  |TAMS 0x0000000089b00000, 0x0000000089b00000| Untracked 
| 156|0x0000000089c00000, 0x0000000089c00000, 0x0000000089d00000|  0%| F|  |TAMS 0x0000000089c00000, 0x0000000089c00000| Untracked 
| 157|0x0000000089d00000, 0x0000000089d00000, 0x0000000089e00000|  0%| F|  |TAMS 0x0000000089d00000, 0x0000000089d00000| Untracked 
| 158|0x0000000089e00000, 0x0000000089e00000, 0x0000000089f00000|  0%| F|  |TAMS 0x0000000089e00000, 0x0000000089e00000| Untracked 
| 159|0x0000000089f00000, 0x0000000089f00000, 0x000000008a000000|  0%| F|  |TAMS 0x0000000089f00000, 0x0000000089f00000| Untracked 
| 160|0x000000008a000000, 0x000000008a000000, 0x000000008a100000|  0%| F|  |TAMS 0x000000008a000000, 0x000000008a000000| Untracked 
| 161|0x000000008a100000, 0x000000008a100000, 0x000000008a200000|  0%| F|  |TAMS 0x000000008a100000, 0x000000008a100000| Untracked 
| 162|0x000000008a200000, 0x000000008a200000, 0x000000008a300000|  0%| F|  |TAMS 0x000000008a200000, 0x000000008a200000| Untracked 
| 163|0x000000008a300000, 0x000000008a300000, 0x000000008a400000|  0%| F|  |TAMS 0x000000008a300000, 0x000000008a300000| Untracked 
| 164|0x000000008a400000, 0x000000008a400000, 0x000000008a500000|  0%| F|  |TAMS 0x000000008a400000, 0x000000008a400000| Untracked 
| 165|0x000000008a500000, 0x000000008a500000, 0x000000008a600000|  0%| F|  |TAMS 0x000000008a500000, 0x000000008a500000| Untracked 
| 166|0x000000008a600000, 0x000000008a600000, 0x000000008a700000|  0%| F|  |TAMS 0x000000008a600000, 0x000000008a600000| Untracked 
| 167|0x000000008a700000, 0x000000008a700000, 0x000000008a800000|  0%| F|  |TAMS 0x000000008a700000, 0x000000008a700000| Untracked 
| 168|0x000000008a800000, 0x000000008a800000, 0x000000008a900000|  0%| F|  |TAMS 0x000000008a800000, 0x000000008a800000| Untracked 
| 169|0x000000008a900000, 0x000000008a900000, 0x000000008aa00000|  0%| F|  |TAMS 0x000000008a900000, 0x000000008a900000| Untracked 
| 170|0x000000008aa00000, 0x000000008aa00000, 0x000000008ab00000|  0%| F|  |TAMS 0x000000008aa00000, 0x000000008aa00000| Untracked 
| 171|0x000000008ab00000, 0x000000008ab00000, 0x000000008ac00000|  0%| F|  |TAMS 0x000000008ab00000, 0x000000008ab00000| Untracked 
| 172|0x000000008ac00000, 0x000000008ac00000, 0x000000008ad00000|  0%| F|  |TAMS 0x000000008ac00000, 0x000000008ac00000| Untracked 
| 173|0x000000008ad00000, 0x000000008ad00000, 0x000000008ae00000|  0%| F|  |TAMS 0x000000008ad00000, 0x000000008ad00000| Untracked 
| 174|0x000000008ae00000, 0x000000008ae00000, 0x000000008af00000|  0%| F|  |TAMS 0x000000008ae00000, 0x000000008ae00000| Untracked 
| 175|0x000000008af00000, 0x000000008af00000, 0x000000008b000000|  0%| F|  |TAMS 0x000000008af00000, 0x000000008af00000| Untracked 
| 176|0x000000008b000000, 0x000000008b000000, 0x000000008b100000|  0%| F|  |TAMS 0x000000008b000000, 0x000000008b000000| Untracked 
| 177|0x000000008b100000, 0x000000008b100000, 0x000000008b200000|  0%| F|  |TAMS 0x000000008b100000, 0x000000008b100000| Untracked 
| 178|0x000000008b200000, 0x000000008b200000, 0x000000008b300000|  0%| F|  |TAMS 0x000000008b200000, 0x000000008b200000| Untracked 
| 179|0x000000008b300000, 0x000000008b300000, 0x000000008b400000|  0%| F|  |TAMS 0x000000008b300000, 0x000000008b300000| Untracked 
| 180|0x000000008b400000, 0x000000008b400000, 0x000000008b500000|  0%| F|  |TAMS 0x000000008b400000, 0x000000008b400000| Untracked 
| 181|0x000000008b500000, 0x000000008b500000, 0x000000008b600000|  0%| F|  |TAMS 0x000000008b500000, 0x000000008b500000| Untracked 
| 182|0x000000008b600000, 0x000000008b600000, 0x000000008b700000|  0%| F|  |TAMS 0x000000008b600000, 0x000000008b600000| Untracked 
| 183|0x000000008b700000, 0x000000008b700000, 0x000000008b800000|  0%| F|  |TAMS 0x000000008b700000, 0x000000008b700000| Untracked 
| 184|0x000000008b800000, 0x000000008b800000, 0x000000008b900000|  0%| F|  |TAMS 0x000000008b800000, 0x000000008b800000| Untracked 
| 185|0x000000008b900000, 0x000000008b900000, 0x000000008ba00000|  0%| F|  |TAMS 0x000000008b900000, 0x000000008b900000| Untracked 
| 186|0x000000008ba00000, 0x000000008ba00000, 0x000000008bb00000|  0%| F|  |TAMS 0x000000008ba00000, 0x000000008ba00000| Untracked 
| 187|0x000000008bb00000, 0x000000008bb00000, 0x000000008bc00000|  0%| F|  |TAMS 0x000000008bb00000, 0x000000008bb00000| Untracked 
| 188|0x000000008bc00000, 0x000000008bc00000, 0x000000008bd00000|  0%| F|  |TAMS 0x000000008bc00000, 0x000000008bc00000| Untracked 
| 189|0x000000008bd00000, 0x000000008bd00000, 0x000000008be00000|  0%| F|  |TAMS 0x000000008bd00000, 0x000000008bd00000| Untracked 
| 190|0x000000008be00000, 0x000000008be00000, 0x000000008bf00000|  0%| F|  |TAMS 0x000000008be00000, 0x000000008be00000| Untracked 
| 191|0x000000008bf00000, 0x000000008bf00000, 0x000000008c000000|  0%| F|  |TAMS 0x000000008bf00000, 0x000000008bf00000| Untracked 
| 192|0x000000008c000000, 0x000000008c000000, 0x000000008c100000|  0%| F|  |TAMS 0x000000008c000000, 0x000000008c000000| Untracked 
| 193|0x000000008c100000, 0x000000008c100000, 0x000000008c200000|  0%| F|  |TAMS 0x000000008c100000, 0x000000008c100000| Untracked 
| 194|0x000000008c200000, 0x000000008c200000, 0x000000008c300000|  0%| F|  |TAMS 0x000000008c200000, 0x000000008c200000| Untracked 
| 195|0x000000008c300000, 0x000000008c300000, 0x000000008c400000|  0%| F|  |TAMS 0x000000008c300000, 0x000000008c300000| Untracked 
| 196|0x000000008c400000, 0x000000008c400000, 0x000000008c500000|  0%| F|  |TAMS 0x000000008c400000, 0x000000008c400000| Untracked 
| 197|0x000000008c500000, 0x000000008c500000, 0x000000008c600000|  0%| F|  |TAMS 0x000000008c500000, 0x000000008c500000| Untracked 
| 198|0x000000008c600000, 0x000000008c600000, 0x000000008c700000|  0%| F|  |TAMS 0x000000008c600000, 0x000000008c600000| Untracked 
| 199|0x000000008c700000, 0x000000008c700000, 0x000000008c800000|  0%| F|  |TAMS 0x000000008c700000, 0x000000008c700000| Untracked 
| 200|0x000000008c800000, 0x000000008c800000, 0x000000008c900000|  0%| F|  |TAMS 0x000000008c800000, 0x000000008c800000| Untracked 
| 201|0x000000008c900000, 0x000000008c900000, 0x000000008ca00000|  0%| F|  |TAMS 0x000000008c900000, 0x000000008c900000| Untracked 
| 202|0x000000008ca00000, 0x000000008ca00000, 0x000000008cb00000|  0%| F|  |TAMS 0x000000008ca00000, 0x000000008ca00000| Untracked 
| 203|0x000000008cb00000, 0x000000008cb00000, 0x000000008cc00000|  0%| F|  |TAMS 0x000000008cb00000, 0x000000008cb00000| Untracked 
| 204|0x000000008cc00000, 0x000000008cc00000, 0x000000008cd00000|  0%| F|  |TAMS 0x000000008cc00000, 0x000000008cc00000| Untracked 
| 205|0x000000008cd00000, 0x000000008cd00000, 0x000000008ce00000|  0%| F|  |TAMS 0x000000008cd00000, 0x000000008cd00000| Untracked 
| 206|0x000000008ce00000, 0x000000008ce00000, 0x000000008cf00000|  0%| F|  |TAMS 0x000000008ce00000, 0x000000008ce00000| Untracked 
| 207|0x000000008cf00000, 0x000000008cffc9e8, 0x000000008d000000| 98%| E|  |TAMS 0x000000008cf00000, 0x000000008cf00000| Complete 
| 208|0x000000008d000000, 0x000000008d100000, 0x000000008d100000|100%| E|CS|TAMS 0x000000008d000000, 0x000000008d000000| Complete 
| 209|0x000000008d100000, 0x000000008d200000, 0x000000008d200000|100%| E|CS|TAMS 0x000000008d100000, 0x000000008d100000| Complete 
| 210|0x000000008d200000, 0x000000008d300000, 0x000000008d300000|100%| E|CS|TAMS 0x000000008d200000, 0x000000008d200000| Complete 
| 211|0x000000008d300000, 0x000000008d400000, 0x000000008d400000|100%| E|CS|TAMS 0x000000008d300000, 0x000000008d300000| Complete 
| 212|0x000000008d400000, 0x000000008d500000, 0x000000008d500000|100%| E|CS|TAMS 0x000000008d400000, 0x000000008d400000| Complete 
| 213|0x000000008d500000, 0x000000008d600000, 0x000000008d600000|100%| E|CS|TAMS 0x000000008d500000, 0x000000008d500000| Complete 
| 214|0x000000008d600000, 0x000000008d700000, 0x000000008d700000|100%| E|CS|TAMS 0x000000008d600000, 0x000000008d600000| Complete 
| 215|0x000000008d700000, 0x000000008d800000, 0x000000008d800000|100%| E|CS|TAMS 0x000000008d700000, 0x000000008d700000| Complete 
| 216|0x000000008d800000, 0x000000008d900000, 0x000000008d900000|100%| E|CS|TAMS 0x000000008d800000, 0x000000008d800000| Complete 
| 217|0x000000008d900000, 0x000000008d9fffe8, 0x000000008da00000| 99%| E|  |TAMS 0x000000008d900000, 0x000000008d900000| Complete 
| 218|0x000000008da00000, 0x000000008db00000, 0x000000008db00000|100%| E|CS|TAMS 0x000000008da00000, 0x000000008da00000| Complete 
| 219|0x000000008db00000, 0x000000008dc00000, 0x000000008dc00000|100%| E|CS|TAMS 0x000000008db00000, 0x000000008db00000| Complete 
| 220|0x000000008dc00000, 0x000000008dd00000, 0x000000008dd00000|100%| E|CS|TAMS 0x000000008dc00000, 0x000000008dc00000| Complete 
| 221|0x000000008dd00000, 0x000000008de00000, 0x000000008de00000|100%| E|CS|TAMS 0x000000008dd00000, 0x000000008dd00000| Complete 
| 222|0x000000008de00000, 0x000000008df00000, 0x000000008df00000|100%| E|CS|TAMS 0x000000008de00000, 0x000000008de00000| Complete 
| 223|0x000000008df00000, 0x000000008e000000, 0x000000008e000000|100%| E|CS|TAMS 0x000000008df00000, 0x000000008df00000| Complete 
| 224|0x000000008e000000, 0x000000008e100000, 0x000000008e100000|100%| E|CS|TAMS 0x000000008e000000, 0x000000008e000000| Complete 
| 225|0x000000008e100000, 0x000000008e200000, 0x000000008e200000|100%| E|CS|TAMS 0x000000008e100000, 0x000000008e100000| Complete 
| 226|0x000000008e200000, 0x000000008e300000, 0x000000008e300000|100%| E|CS|TAMS 0x000000008e200000, 0x000000008e200000| Complete 
| 227|0x000000008e300000, 0x000000008e400000, 0x000000008e400000|100%| E|CS|TAMS 0x000000008e300000, 0x000000008e300000| Complete 
| 228|0x000000008e400000, 0x000000008e500000, 0x000000008e500000|100%| E|CS|TAMS 0x000000008e400000, 0x000000008e400000| Complete 
| 229|0x000000008e500000, 0x000000008e600000, 0x000000008e600000|100%| E|CS|TAMS 0x000000008e500000, 0x000000008e500000| Complete 
| 230|0x000000008e600000, 0x000000008e6d33d8, 0x000000008e700000| 82%| S|CS|TAMS 0x000000008e600000, 0x000000008e600000| Complete 
| 231|0x000000008e700000, 0x000000008e800000, 0x000000008e800000|100%| E|CS|TAMS 0x000000008e700000, 0x000000008e700000| Complete 
| 232|0x000000008e800000, 0x000000008e900000, 0x000000008e900000|100%| E|CS|TAMS 0x000000008e800000, 0x000000008e800000| Complete 
| 233|0x000000008e900000, 0x000000008ea00000, 0x000000008ea00000|100%| E|CS|TAMS 0x000000008e900000, 0x000000008e900000| Complete 
| 234|0x000000008ea00000, 0x000000008eb00000, 0x000000008eb00000|100%| E|CS|TAMS 0x000000008ea00000, 0x000000008ea00000| Complete 
| 235|0x000000008eb00000, 0x000000008ec00000, 0x000000008ec00000|100%| E|CS|TAMS 0x000000008eb00000, 0x000000008eb00000| Complete 
| 236|0x000000008ec00000, 0x000000008ed00000, 0x000000008ed00000|100%| E|CS|TAMS 0x000000008ec00000, 0x000000008ec00000| Complete 
| 237|0x000000008ed00000, 0x000000008ee00000, 0x000000008ee00000|100%| E|CS|TAMS 0x000000008ed00000, 0x000000008ed00000| Complete 
| 238|0x000000008ee00000, 0x000000008ef00000, 0x000000008ef00000|100%| E|CS|TAMS 0x000000008ee00000, 0x000000008ee00000| Complete 
| 239|0x000000008ef00000, 0x000000008f000000, 0x000000008f000000|100%| E|CS|TAMS 0x000000008ef00000, 0x000000008ef00000| Complete 
| 240|0x000000008f000000, 0x000000008f100000, 0x000000008f100000|100%| E|CS|TAMS 0x000000008f000000, 0x000000008f000000| Complete 
| 241|0x000000008f100000, 0x000000008f200000, 0x000000008f200000|100%| E|CS|TAMS 0x000000008f100000, 0x000000008f100000| Complete 
| 242|0x000000008f200000, 0x000000008f300000, 0x000000008f300000|100%| E|CS|TAMS 0x000000008f200000, 0x000000008f200000| Complete 
| 243|0x000000008f300000, 0x000000008f400000, 0x000000008f400000|100%| E|CS|TAMS 0x000000008f300000, 0x000000008f300000| Complete 
| 244|0x000000008f400000, 0x000000008f500000, 0x000000008f500000|100%| E|CS|TAMS 0x000000008f400000, 0x000000008f400000| Complete 
| 245|0x000000008f500000, 0x000000008f600000, 0x000000008f600000|100%| E|CS|TAMS 0x000000008f500000, 0x000000008f500000| Complete 
| 246|0x000000008f600000, 0x000000008f700000, 0x000000008f700000|100%| E|CS|TAMS 0x000000008f600000, 0x000000008f600000| Complete 
| 247|0x000000008f700000, 0x000000008f800000, 0x000000008f800000|100%| E|CS|TAMS 0x000000008f700000, 0x000000008f700000| Complete 
| 248|0x000000008f800000, 0x000000008f900000, 0x000000008f900000|100%| E|CS|TAMS 0x000000008f800000, 0x000000008f800000| Complete 
| 249|0x000000008f900000, 0x000000008fa00000, 0x000000008fa00000|100%| E|CS|TAMS 0x000000008f900000, 0x000000008f900000| Complete 
| 250|0x000000008fa00000, 0x000000008fb00000, 0x000000008fb00000|100%| E|CS|TAMS 0x000000008fa00000, 0x000000008fa00000| Complete 
| 251|0x000000008fb00000, 0x000000008fc00000, 0x000000008fc00000|100%| E|CS|TAMS 0x000000008fb00000, 0x000000008fb00000| Complete 
| 252|0x000000008fc00000, 0x000000008fd00000, 0x000000008fd00000|100%| E|CS|TAMS 0x000000008fc00000, 0x000000008fc00000| Complete 
| 253|0x000000008fd00000, 0x000000008fe00000, 0x000000008fe00000|100%| E|CS|TAMS 0x000000008fd00000, 0x000000008fd00000| Complete 
| 254|0x000000008fe00000, 0x000000008ff00000, 0x000000008ff00000|100%| E|CS|TAMS 0x000000008fe00000, 0x000000008fe00000| Complete 
| 255|0x000000008ff00000, 0x0000000090000000, 0x0000000090000000|100%| E|CS|TAMS 0x000000008ff00000, 0x000000008ff00000| Complete 

Card table byte_map: [0x0000018fa8820000,0x0000018fa8c20000] _byte_map_base: 0x0000018fa8420000

Marking Bits (Prev, Next): (CMBitMap*) 0x0000018f9562e9c8, (CMBitMap*) 0x0000018f9562ea00
 Prev Bits: [0x0000018fa9020000, 0x0000018fab020000)
 Next Bits: [0x0000018fab020000, 0x0000018fad020000)

Polling page: 0x0000018f93490000

Metaspace:

Usage:
  Non-class:    110.46 MB capacity,   107.68 MB ( 97%) used,     2.27 MB (  2%) free+waste,   528.19 KB ( <1%) overhead. 
      Class:     16.91 MB capacity,    15.28 MB ( 90%) used,     1.40 MB (  8%) free+waste,   232.75 KB (  1%) overhead. 
       Both:    127.37 MB capacity,   122.96 MB ( 97%) used,     3.67 MB (  3%) free+waste,   760.94 KB ( <1%) overhead. 

Virtual space:
  Non-class space:      112.00 MB reserved,     110.56 MB ( 99%) committed 
      Class space:        1.00 GB reserved,      17.13 MB (  2%) committed 
             Both:        1.11 GB reserved,     127.68 MB ( 11%) committed 

Chunk freelists:
   Non-Class:  37.00 KB
       Class:  152.00 KB
        Both:  189.00 KB

MaxMetaspaceSize: 17179869184.00 GB
CompressedClassSpaceSize: 1.00 GB

CodeHeap 'non-profiled nmethods': size=120000Kb used=20738Kb max_used=21273Kb free=99261Kb
 bounds [0x0000018fa0bc0000, 0x0000018fa2090000, 0x0000018fa80f0000]
CodeHeap 'profiled nmethods': size=120000Kb used=53073Kb max_used=55496Kb free=66926Kb
 bounds [0x0000018f99690000, 0x0000018f9cd00000, 0x0000018fa0bc0000]
CodeHeap 'non-nmethods': size=5760Kb used=2363Kb max_used=2434Kb free=3396Kb
 bounds [0x0000018f990f0000, 0x0000018f99360000, 0x0000018f99690000]
 total_blobs=25083 nmethods=24103 adapters=888
 compilation: enabled
              stopped_count=0, restarted_count=0
 full_count=0

Compilation events (20 events):
Event: 10532.227 Thread 0x0000018fb036b000 27721       3       java.net.URLClassLoader::getAndVerifyPackage (109 bytes)
Event: 10532.228 Thread 0x0000018fb036b000 nmethod 27721 0x0000018f9ccdfa10 code [0x0000018f9ccdfe00, 0x0000018f9cce17c8]
Event: 10532.228 Thread 0x0000018fb036b000 27722       3       org.gradle.api.file.RelativePath::append (11 bytes)
Event: 10532.228 Thread 0x0000018fb036b000 nmethod 27722 0x0000018f9cce2090 code [0x0000018f9cce2240, 0x0000018f9cce23e8]
Event: 10532.229 Thread 0x0000018fb036b000 27723 %     3       java.util.regex.Matcher::search @ 46 (154 bytes)
Event: 10532.229 Thread 0x0000018fb036b000 nmethod 27723% 0x0000018f9cce2490 code [0x0000018f9cce26a0, 0x0000018f9cce2cc8]
Event: 10532.229 Thread 0x0000018fb036b000 27724       3       java.util.regex.Matcher::find (69 bytes)
Event: 10532.230 Thread 0x0000018fb036b000 nmethod 27724 0x0000018f9cce2f10 code [0x0000018f9cce30e0, 0x0000018f9cce33c8]
Event: 10532.230 Thread 0x0000018fb036b000 27726       3       java.util.regex.Matcher::search (154 bytes)
Event: 10532.230 Thread 0x0000018fb036b000 nmethod 27726 0x0000018f9cce3510 code [0x0000018f9cce3720, 0x0000018f9cce3cc8]
Event: 10532.230 Thread 0x0000018fb036b000 27728 %     3       org.objectweb.asm.ClassReader::accept @ 1377 (1404 bytes)
Event: 10532.241 Thread 0x0000018fb036b000 nmethod 27728% 0x0000018f9cce3f10 code [0x0000018f9cce4b00, 0x0000018f9cced158]
Event: 10532.248 Thread 0x0000018fb036b000 27729       3       org.objectweb.asm.MethodWriter::visitVarInsn (302 bytes)
Event: 10532.249 Thread 0x0000018fb036b000 nmethod 27729 0x0000018f99705d10 code [0x0000018f99705f80, 0x0000018f99706988]
Event: 10532.249 Thread 0x0000018fb036b000 27730       3       java.util.regex.Pattern$BnM::match (161 bytes)
Event: 10532.250 Thread 0x0000018fb036b000 nmethod 27730 0x0000018f9974a790 code [0x0000018f9974a9a0, 0x0000018f9974b0d8]
Event: 10532.250 Thread 0x0000018fb036b000 27731       3       org.gradle.groovy.scripts.internal.FileCacheBackedScriptClassCompiler$BuildScriptRemapper::remap (83 bytes)
Event: 10532.250 Thread 0x0000018fb036b000 nmethod 27731 0x0000018f997bcd10 code [0x0000018f997bcfa0, 0x0000018f997bd8f8]
Event: 10532.258 Thread 0x0000018fb036b000 27735       3       org.codehaus.groovy.util.ComplexKeyHashMap::resize (103 bytes)
Event: 10532.258 Thread 0x0000018fb036b000 nmethod 27735 0x0000018f996ea790 code [0x0000018f996ea980, 0x0000018f996eaf18]

GC Heap History (20 events):
Event: 9240.694 GC heap before
{Heap before GC invocations=74 (full 0):
 garbage-first heap   total 262144K, used 200936K [0x0000000080000000, 0x0000000100000000)
  region size 1024K, 114 young (116736K), 1 survivors (1024K)
 Metaspace       used 124968K, capacity 129417K, committed 129852K, reserved 1161216K
  class space    used 15531K, capacity 17107K, committed 17408K, reserved 1048576K
}
Event: 9240.727 GC heap after
{Heap after GC invocations=75 (full 0):
 garbage-first heap   total 262144K, used 94420K [0x0000000080000000, 0x0000000100000000)
  region size 1024K, 9 young (9216K), 9 survivors (9216K)
 Metaspace       used 124968K, capacity 129417K, committed 129852K, reserved 1161216K
  class space    used 15531K, capacity 17107K, committed 17408K, reserved 1048576K
}
Event: 9297.882 GC heap before
{Heap before GC invocations=76 (full 0):
 garbage-first heap   total 262144K, used 222420K [0x0000000080000000, 0x0000000100000000)
  region size 1024K, 118 young (120832K), 9 survivors (9216K)
 Metaspace       used 125072K, capacity 129420K, committed 129852K, reserved 1161216K
  class space    used 15531K, capacity 17107K, committed 17408K, reserved 1048576K
}
Event: 9297.892 GC heap after
{Heap after GC invocations=77 (full 0):
 garbage-first heap   total 262144K, used 99035K [0x0000000080000000, 0x0000000100000000)
  region size 1024K, 9 young (9216K), 9 survivors (9216K)
 Metaspace       used 125072K, capacity 129420K, committed 129852K, reserved 1161216K
  class space    used 15531K, capacity 17107K, committed 17408K, reserved 1048576K
}
Event: 9297.899 GC heap before
{Heap before GC invocations=77 (full 0):
 garbage-first heap   total 262144K, used 102107K [0x0000000080000000, 0x0000000100000000)
  region size 1024K, 12 young (12288K), 9 survivors (9216K)
 Metaspace       used 125073K, capacity 129420K, committed 129852K, reserved 1161216K
  class space    used 15531K, capacity 17107K, committed 17408K, reserved 1048576K
}
Event: 9297.908 GC heap after
{Heap after GC invocations=78 (full 0):
 garbage-first heap   total 262144K, used 94602K [0x0000000080000000, 0x0000000100000000)
  region size 1024K, 2 young (2048K), 2 survivors (2048K)
 Metaspace       used 125073K, capacity 129420K, committed 129852K, reserved 1161216K
  class space    used 15531K, capacity 17107K, committed 17408K, reserved 1048576K
}
Event: 9298.114 GC heap before
{Heap before GC invocations=78 (full 0):
 garbage-first heap   total 262144K, used 132490K [0x0000000080000000, 0x0000000100000000)
  region size 1024K, 41 young (41984K), 2 survivors (2048K)
 Metaspace       used 125090K, capacity 129420K, committed 129852K, reserved 1161216K
  class space    used 15531K, capacity 17107K, committed 17408K, reserved 1048576K
}
Event: 9298.119 GC heap after
{Heap after GC invocations=79 (full 0):
 garbage-first heap   total 262144K, used 94800K [0x0000000080000000, 0x0000000100000000)
  region size 1024K, 2 young (2048K), 2 survivors (2048K)
 Metaspace       used 125090K, capacity 129420K, committed 129852K, reserved 1161216K
  class space    used 15531K, capacity 17107K, committed 17408K, reserved 1048576K
}
Event: 9336.129 GC heap before
{Heap before GC invocations=80 (full 0):
 garbage-first heap   total 262144K, used 230992K [0x0000000080000000, 0x0000000100000000)
  region size 1024K, 114 young (116736K), 2 survivors (2048K)
 Metaspace       used 125188K, capacity 129492K, committed 129852K, reserved 1161216K
  class space    used 15532K, capacity 17108K, committed 17408K, reserved 1048576K
}
Event: 9336.137 GC heap after
{Heap after GC invocations=81 (full 0):
 garbage-first heap   total 262144K, used 100301K [0x0000000080000000, 0x0000000100000000)
  region size 1024K, 9 young (9216K), 9 survivors (9216K)
 Metaspace       used 125188K, capacity 129492K, committed 129852K, reserved 1161216K
  class space    used 15532K, capacity 17108K, committed 17408K, reserved 1048576K
}
Event: 9336.160 GC heap before
{Heap before GC invocations=81 (full 0):
 garbage-first heap   total 262144K, used 103373K [0x0000000080000000, 0x0000000100000000)
  region size 1024K, 12 young (12288K), 9 survivors (9216K)
 Metaspace       used 125196K, capacity 129495K, committed 129852K, reserved 1161216K
  class space    used 15533K, capacity 17109K, committed 17408K, reserved 1048576K
}
Event: 9336.170 GC heap after
{Heap after GC invocations=82 (full 0):
 garbage-first heap   total 262144K, used 97780K [0x0000000080000000, 0x0000000100000000)
  region size 1024K, 1 young (1024K), 1 survivors (1024K)
 Metaspace       used 125196K, capacity 129495K, committed 129852K, reserved 1161216K
  class space    used 15533K, capacity 17109K, committed 17408K, reserved 1048576K
}
Event: 9336.338 GC heap before
{Heap before GC invocations=82 (full 0):
 garbage-first heap   total 262144K, used 115188K [0x0000000080000000, 0x0000000100000000)
  region size 1024K, 20 young (20480K), 1 survivors (1024K)
 Metaspace       used 125204K, capacity 129562K, committed 130108K, reserved 1163264K
  class space    used 15533K, capacity 17110K, committed 17408K, reserved 1048576K
}
Event: 9336.343 GC heap after
{Heap after GC invocations=83 (full 0):
 garbage-first heap   total 262144K, used 97552K [0x0000000080000000, 0x0000000100000000)
  region size 1024K, 1 young (1024K), 1 survivors (1024K)
 Metaspace       used 125204K, capacity 129562K, committed 130108K, reserved 1163264K
  class space    used 15533K, capacity 17110K, committed 17408K, reserved 1048576K
}
Event: 9374.715 GC heap before
{Heap before GC invocations=84 (full 0):
 garbage-first heap   total 262144K, used 230672K [0x0000000080000000, 0x0000000100000000)
  region size 1024K, 109 young (111616K), 1 survivors (1024K)
 Metaspace       used 125284K, capacity 129691K, committed 130108K, reserved 1163264K
  class space    used 15533K, capacity 17110K, committed 17408K, reserved 1048576K
}
Event: 9374.724 GC heap after
{Heap after GC invocations=85 (full 0):
 garbage-first heap   total 262144K, used 106805K [0x0000000080000000, 0x0000000100000000)
  region size 1024K, 10 young (10240K), 10 survivors (10240K)
 Metaspace       used 125284K, capacity 129691K, committed 130108K, reserved 1163264K
  class space    used 15533K, capacity 17110K, committed 17408K, reserved 1048576K
}
Event: 9374.727 GC heap before
{Heap before GC invocations=85 (full 0):
 garbage-first heap   total 262144K, used 108853K [0x0000000080000000, 0x0000000100000000)
  region size 1024K, 12 young (12288K), 10 survivors (10240K)
 Metaspace       used 125284K, capacity 129691K, committed 130108K, reserved 1163264K
  class space    used 15533K, capacity 17110K, committed 17408K, reserved 1048576K
}
Event: 9374.738 GC heap after
{Heap after GC invocations=86 (full 0):
 garbage-first heap   total 262144K, used 99550K [0x0000000080000000, 0x0000000100000000)
  region size 1024K, 1 young (1024K), 1 survivors (1024K)
 Metaspace       used 125284K, capacity 129691K, committed 130108K, reserved 1163264K
  class space    used 15533K, capacity 17110K, committed 17408K, reserved 1048576K
}
Event: 9374.928 GC heap before
{Heap before GC invocations=86 (full 0):
 garbage-first heap   total 262144K, used 122078K [0x0000000080000000, 0x0000000100000000)
  region size 1024K, 25 young (25600K), 1 survivors (1024K)
 Metaspace       used 125295K, capacity 129703K, committed 130108K, reserved 1163264K
  class space    used 15534K, capacity 17112K, committed 17408K, reserved 1048576K
}
Event: 9374.934 GC heap after
{Heap after GC invocations=87 (full 0):
 garbage-first heap   total 262144K, used 100031K [0x0000000080000000, 0x0000000100000000)
  region size 1024K, 1 young (1024K), 1 survivors (1024K)
 Metaspace       used 125295K, capacity 129703K, committed 130108K, reserved 1163264K
  class space    used 15534K, capacity 17112K, committed 17408K, reserved 1048576K
}

Deoptimization events (20 events):
Event: 10532.232 Thread 0x0000018fb2f5b800 Uncommon trap: trap_request=0xffffff4d fr.pc=0x0000018fa1af8aa4 relative=0x00000000000003a4
Event: 10532.232 Thread 0x0000018fb2f5b800 Uncommon trap: reason=unstable_if action=reinterpret pc=0x0000018fa1af8aa4 method=sun.util.calendar.BaseCalendar.getFixedDate(IIILsun/util/calendar/BaseCalendar$Date;)J @ 103 c2
Event: 10532.232 Thread 0x0000018fb2f5b800 DEOPT PACKING pc=0x0000018fa1af8aa4 sp=0x00000044284fd5a0
Event: 10532.232 Thread 0x0000018fb2f5b800 DEOPT UNPACKING pc=0x0000018f9911662f sp=0x00000044284fd508 mode 2
Event: 10532.232 Thread 0x0000018fb2f5b800 Uncommon trap: trap_request=0xffffff4d fr.pc=0x0000018fa1b1afa8 relative=0x0000000000001548
Event: 10532.232 Thread 0x0000018fb2f5b800 Uncommon trap: reason=unstable_if action=reinterpret pc=0x0000018fa1b1afa8 method=java.util.GregorianCalendar.computeFields(II)I @ 723 c2
Event: 10532.232 Thread 0x0000018fb2f5b800 DEOPT PACKING pc=0x0000018fa1b1afa8 sp=0x00000044284fd740
Event: 10532.232 Thread 0x0000018fb2f5b800 DEOPT UNPACKING pc=0x0000018f9911662f sp=0x00000044284fd670 mode 2
Event: 10532.248 Thread 0x0000018fb2f5b800 Uncommon trap: trap_request=0xffffffc6 fr.pc=0x0000018fa13ace98 relative=0x0000000000001f58
Event: 10532.248 Thread 0x0000018fb2f5b800 Uncommon trap: reason=bimorphic_or_optimized_type_check action=maybe_recompile pc=0x0000018fa13ace98 method=org.objectweb.asm.ClassReader.readField(Lorg/objectweb/asm/ClassVisitor;Lorg/objectweb/asm/Context;I)I @ 661 c2
Event: 10532.248 Thread 0x0000018fb2f5b800 DEOPT PACKING pc=0x0000018fa13ace98 sp=0x00000044284fe2d0
Event: 10532.248 Thread 0x0000018fb2f5b800 DEOPT UNPACKING pc=0x0000018f9911662f sp=0x00000044284fe278 mode 2
Event: 10532.253 Thread 0x0000018fb24c4800 Uncommon trap: trap_request=0xffffff4d fr.pc=0x0000018fa1f56444 relative=0x00000000000060c4
Event: 10532.253 Thread 0x0000018fb24c4800 Uncommon trap: reason=unstable_if action=reinterpret pc=0x0000018fa1f56444 method=org.gradle.cache.internal.btree.FreeListBlockStore$FreeListBlock.alloc(Lorg/gradle/cache/internal/btree/Block;)V @ 22 c2
Event: 10532.253 Thread 0x0000018fb24c4800 DEOPT PACKING pc=0x0000018fa1f56444 sp=0x00000044220fe5a0
Event: 10532.253 Thread 0x0000018fb24c4800 DEOPT UNPACKING pc=0x0000018f9911662f sp=0x00000044220fe1f0 mode 2
Event: 10532.253 Thread 0x0000018fb24c4800 Uncommon trap: trap_request=0xffffff7e fr.pc=0x0000018fa1108a48 relative=0x0000000000000188
Event: 10532.253 Thread 0x0000018fb24c4800 Uncommon trap: reason=predicate action=maybe_recompile pc=0x0000018fa1108a48 method=java.util.Collections.indexedBinarySearch(Ljava/util/List;Ljava/lang/Object;)I @ 13 c2
Event: 10532.253 Thread 0x0000018fb24c4800 DEOPT PACKING pc=0x0000018fa1108a48 sp=0x00000044220fe170
Event: 10532.253 Thread 0x0000018fb24c4800 DEOPT UNPACKING pc=0x0000018f9911662f sp=0x00000044220fe0f0 mode 2

Classes redefined (0 events):
No events

Internal exceptions (20 events):
Event: 10531.846 Thread 0x0000018fba651000 Exception <a 'java/lang/ClassNotFoundException'{0x000000008d57dfc8}: org/gradle/initialization/InitScriptCustomizer> (0x000000008d57dfc8) thrown at [./src/hotspot/share/classfile/systemDictionary.cpp, line 231]
Event: 10531.846 Thread 0x0000018fba651000 Implicit null exception at 0x0000018fa0ea569b to 0x0000018fa0ea5764
Event: 10531.851 Thread 0x0000018fba651000 Exception <a 'java/lang/ClassNotFoundException'{0x000000008d5e3af0}: ijmapper_e3g2wrjlrtnbn56kzo8rhboxaCustomizer> (0x000000008d5e3af0) thrown at [./src/hotspot/share/classfile/systemDictionary.cpp, line 231]
Event: 10531.853 Thread 0x0000018fba651000 Implicit null exception at 0x0000018fa0ef0837 to 0x0000018fa0ef0bb8
Event: 10531.855 Thread 0x0000018fba651000 Implicit null exception at 0x0000018fa102086b to 0x0000018fa1023bd4
Event: 10531.856 Thread 0x0000018fba651000 Exception <a 'java/lang/ClassNotFoundException'{0x000000008d4859a8}: org/gradle/invocation/DefaultGradle_DecoratedBeanInfo> (0x000000008d4859a8) thrown at [./src/hotspot/share/classfile/systemDictionary.cpp, line 231]
Event: 10531.857 Thread 0x0000018fba651000 Exception <a 'java/lang/ClassNotFoundException'{0x000000008d4a81c0}: org/gradle/invocation/DefaultGradleBeanInfo> (0x000000008d4a81c0) thrown at [./src/hotspot/share/classfile/systemDictionary.cpp, line 231]
Event: 10531.857 Thread 0x0000018fba651000 Exception <a 'java/lang/ClassNotFoundException'{0x000000008d4ca748}: org/gradle/invocation/DefaultGradleCustomizer> (0x000000008d4ca748) thrown at [./src/hotspot/share/classfile/systemDictionary.cpp, line 231]
Event: 10531.861 Thread 0x0000018fba651000 Exception <a 'java/lang/ClassNotFoundException'{0x000000008d3286a0}: org/gradle/invocation/DefaultGradle_DecoratedCustomizer> (0x000000008d3286a0) thrown at [./src/hotspot/share/classfile/systemDictionary.cpp, line 231]
Event: 10531.978 Thread 0x0000018fba651000 Exception <a 'java/lang/ClassNotFoundException'{0x000000008d226880}: sync_studio_tooling3_6rrnz5p8vawsun4vm07qnl13nBeanInfo> (0x000000008d226880) thrown at [./src/hotspot/share/classfile/systemDictionary.cpp, line 231]
Event: 10531.979 Thread 0x0000018fba651000 Exception <a 'java/lang/ClassNotFoundException'{0x000000008d232d48}: sync_studio_tooling3_6rrnz5p8vawsun4vm07qnl13nCustomizer> (0x000000008d232d48) thrown at [./src/hotspot/share/classfile/systemDictionary.cpp, line 231]
Event: 10531.986 Thread 0x0000018fba651000 Exception <a 'java/lang/ClassNotFoundException'{0x000000008d2bce60}: org/gradle/api/internal/initialization/DefaultScriptHandlerBeanInfo> (0x000000008d2bce60) thrown at [./src/hotspot/share/classfile/systemDictionary.cpp, line 231]
Event: 10531.987 Thread 0x0000018fba651000 Exception <a 'java/lang/ClassNotFoundException'{0x000000008d2e5998}: org/gradle/api/internal/initialization/DefaultScriptHandlerCustomizer> (0x000000008d2e5998) thrown at [./src/hotspot/share/classfile/systemDictionary.cpp, line 231]
Event: 10532.060 Thread 0x0000018fba651000 Exception <a 'java/lang/ClassNotFoundException'{0x000000008d19f718}: sync_studio_tooling3_6rrnz5p8vawsun4vm07qnl13nBeanInfo> (0x000000008d19f718) thrown at [./src/hotspot/share/classfile/systemDictionary.cpp, line 231]
Event: 10532.060 Thread 0x0000018fba651000 Exception <a 'java/lang/ClassNotFoundException'{0x000000008d1abb78}: sync_studio_tooling3_6rrnz5p8vawsun4vm07qnl13nCustomizer> (0x000000008d1abb78) thrown at [./src/hotspot/share/classfile/systemDictionary.cpp, line 231]
Event: 10532.165 Thread 0x0000018fb2f5b800 Exception <a 'sun/nio/fs/WindowsException'{0x000000008d0161b8}> (0x000000008d0161b8) thrown at [./src/hotspot/share/prims/jni.cpp, line 615]
Event: 10532.251 Thread 0x0000018fb2f5b800 Exception <a 'sun/nio/fs/WindowsException'{0x000000008cf37d70}> (0x000000008cf37d70) thrown at [./src/hotspot/share/prims/jni.cpp, line 615]
Event: 10532.252 Thread 0x0000018fb2f5b800 Exception <a 'sun/nio/fs/WindowsException'{0x000000008cf37f80}> (0x000000008cf37f80) thrown at [./src/hotspot/share/prims/jni.cpp, line 615]
Event: 10532.257 Thread 0x0000018fba651000 Exception <a 'java/lang/ClassNotFoundException'{0x000000008cf93828}: ijinit8_9kvd7axnig1109zt12qu7oo2fBeanInfo> (0x000000008cf93828) thrown at [./src/hotspot/share/classfile/systemDictionary.cpp, line 231]
Event: 10532.257 Thread 0x0000018fba651000 Exception <a 'java/lang/ClassNotFoundException'{0x000000008cf9f250}: ijinit8_9kvd7axnig1109zt12qu7oo2fCustomizer> (0x000000008cf9f250) thrown at [./src/hotspot/share/classfile/systemDictionary.cpp, line 231]

Events (20 events):
Event: 10532.260 Thread 0x0000018fb036e800 flushing nmethod 0x0000018f9b78d990
Event: 10532.260 Thread 0x0000018fb036e800 flushing nmethod 0x0000018f9b78df90
Event: 10532.260 Thread 0x0000018fb036e800 flushing nmethod 0x0000018f9b78ef90
Event: 10532.260 Thread 0x0000018fb036e800 flushing nmethod 0x0000018f9b79ca90
Event: 10532.260 Thread 0x0000018fb036e800 flushing nmethod 0x0000018f9b7a7a90
Event: 10532.260 Thread 0x0000018fb036e800 flushing nmethod 0x0000018f9b7a8910
Event: 10532.260 Thread 0x0000018fb036e800 flushing nmethod 0x0000018f9b7a9410
Event: 10532.260 Thread 0x0000018fb036e800 flushing nmethod 0x0000018f9b7aa810
Event: 10532.260 Thread 0x0000018fb036e800 flushing nmethod 0x0000018f9b7ab190
Event: 10532.260 Thread 0x0000018fb036e800 flushing nmethod 0x0000018f9b7ae090
Event: 10532.260 Thread 0x0000018fb036e800 flushing nmethod 0x0000018f9b7ae410
Event: 10532.260 Thread 0x0000018fb036e800 flushing nmethod 0x0000018f9b7b1110
Event: 10532.260 Thread 0x0000018fb036e800 flushing nmethod 0x0000018f9b7b4810
Event: 10532.260 Thread 0x0000018fb036e800 flushing nmethod 0x0000018f9b7b7210
Event: 10532.260 Thread 0x0000018fb036e800 flushing nmethod 0x0000018f9b7c6b10
Event: 10532.260 Thread 0x0000018fb036e800 flushing nmethod 0x0000018f9b7cd090
Event: 10532.260 Thread 0x0000018fb036e800 flushing nmethod 0x0000018f9b7d1b90
Event: 10532.260 Thread 0x0000018fb036e800 flushing nmethod 0x0000018f9b7d4290
Event: 10532.260 Thread 0x0000018fb036e800 flushing nmethod 0x0000018f9b7dba90
Event: 10532.261 Thread 0x0000018fb036e800 flushing nmethod 0x0000018f9b91bc90


Dynamic libraries:
0x00007ff675420000 - 0x00007ff67542a000 	C:\Program Files\Android\Android Studio1\jre\bin\java.exe
0x00007ffd9f710000 - 0x00007ffd9f905000 	C:\Windows\SYSTEM32\ntdll.dll
0x00007ffd9e250000 - 0x00007ffd9e30e000 	C:\Windows\System32\KERNEL32.DLL
0x00007ffd9d2c0000 - 0x00007ffd9d588000 	C:\Windows\System32\KERNELBASE.dll
0x00007ffd9ced0000 - 0x00007ffd9cfd0000 	C:\Windows\System32\ucrtbase.dll
0x00007ffd6b1a0000 - 0x00007ffd6b1b7000 	C:\Program Files\Android\Android Studio1\jre\bin\VCRUNTIME140.dll
0x00007ffd6b010000 - 0x00007ffd6b029000 	C:\Program Files\Android\Android Studio1\jre\bin\jli.dll
0x00007ffd9e410000 - 0x00007ffd9e5b0000 	C:\Windows\System32\USER32.dll
0x00007ffd9ce70000 - 0x00007ffd9ce92000 	C:\Windows\System32\win32u.dll
0x00007ffd8d870000 - 0x00007ffd8db0a000 	C:\Windows\WinSxS\amd64_microsoft.windows.common-controls_6595b64144ccf1df_6.0.19041.1110_none_60b5254171f9507e\COMCTL32.dll
0x00007ffd9df50000 - 0x00007ffd9df7b000 	C:\Windows\System32\GDI32.dll
0x00007ffd9e130000 - 0x00007ffd9e1ce000 	C:\Windows\System32\msvcrt.dll
0x00007ffd9d1b0000 - 0x00007ffd9d2bd000 	C:\Windows\System32\gdi32full.dll
0x00007ffd9d110000 - 0x00007ffd9d1ad000 	C:\Windows\System32\msvcp_win.dll
0x00007ffd9eef0000 - 0x00007ffd9ef20000 	C:\Windows\System32\IMM32.DLL
0x00007ffd51730000 - 0x00007ffd517cd000 	C:\Program Files\Android\Android Studio1\jre\bin\msvcp140.dll
0x00007ffd517d0000 - 0x00007ffd522a5000 	C:\Program Files\Android\Android Studio1\jre\bin\server\jvm.dll
0x00007ffd9e830000 - 0x00007ffd9e8de000 	C:\Windows\System32\ADVAPI32.dll
0x00007ffd9e790000 - 0x00007ffd9e82c000 	C:\Windows\System32\sechost.dll
0x00007ffd9d760000 - 0x00007ffd9d885000 	C:\Windows\System32\RPCRT4.dll
0x00007ffd9e1d0000 - 0x00007ffd9e1d8000 	C:\Windows\System32\PSAPI.DLL
0x00007ffd98830000 - 0x00007ffd98839000 	C:\Windows\SYSTEM32\WSOCK32.dll
0x00007ffd9e3a0000 - 0x00007ffd9e40b000 	C:\Windows\System32\WS2_32.dll
0x00007ffd921c0000 - 0x00007ffd921e7000 	C:\Windows\SYSTEM32\WINMM.dll
0x00007ffd96f00000 - 0x00007ffd96f0a000 	C:\Windows\SYSTEM32\VERSION.dll
0x00007ffd9ad10000 - 0x00007ffd9ad22000 	C:\Windows\SYSTEM32\kernel.appcore.dll
0x00007ffd7ef40000 - 0x00007ffd7ef51000 	C:\Program Files\Android\Android Studio1\jre\bin\verify.dll
0x00007ffd87e00000 - 0x00007ffd87fe4000 	C:\Windows\SYSTEM32\DBGHELP.DLL
0x00007ffd83de0000 - 0x00007ffd83e0c000 	C:\Windows\SYSTEM32\dbgcore.DLL
0x00007ffd9cfd0000 - 0x00007ffd9d052000 	C:\Windows\System32\bcryptPrimitives.dll
0x00007ffd7e000000 - 0x00007ffd7e029000 	C:\Program Files\Android\Android Studio1\jre\bin\java.dll
0x00007ffd987f0000 - 0x00007ffd987fb000 	C:\Program Files\Android\Android Studio1\jre\bin\jimage.dll
0x00007ffd7ebb0000 - 0x00007ffd7ebc8000 	C:\Program Files\Android\Android Studio1\jre\bin\zip.dll
0x00007ffd9ef80000 - 0x00007ffd9f6c4000 	C:\Windows\System32\SHELL32.dll
0x00007ffd9af10000 - 0x00007ffd9b6a4000 	C:\Windows\SYSTEM32\windows.storage.dll
0x00007ffd9eb90000 - 0x00007ffd9eee5000 	C:\Windows\System32\combase.dll
0x00007ffd9c7a0000 - 0x00007ffd9c7ce000 	C:\Windows\SYSTEM32\Wldp.dll
0x00007ffd9d940000 - 0x00007ffd9d9ed000 	C:\Windows\System32\SHCORE.dll
0x00007ffd9e1f0000 - 0x00007ffd9e245000 	C:\Windows\System32\shlwapi.dll
0x00007ffd9cd60000 - 0x00007ffd9cd7f000 	C:\Windows\SYSTEM32\profapi.dll
0x00007ffd7e060000 - 0x00007ffd7e07a000 	C:\Program Files\Android\Android Studio1\jre\bin\net.dll
0x00007ffd8ed70000 - 0x00007ffd8ee7c000 	C:\Windows\SYSTEM32\WINHTTP.dll
0x00007ffd9c500000 - 0x00007ffd9c56a000 	C:\Windows\system32\mswsock.dll
0x00007ffd7d5b0000 - 0x00007ffd7d5c4000 	C:\Program Files\Android\Android Studio1\jre\bin\nio.dll
0x00007ffd6a180000 - 0x00007ffd6a1a7000 	C:\Users\Ester\.gradle\native\e1d6ef7f7dcc3fd88c89a11ec53ec762bb8ba0a96d01ffa2cd45eb1d1d8dd5c5\windows-amd64\native-platform.dll
0x00007ffd4d7a0000 - 0x00007ffd4d8e4000 	C:\Users\Ester\.gradle\native\5664cfc778a61ccfe75a443a1ab52a65af34e5dc3c78e0209fed803814484fcb\windows-amd64\native-platform-file-events.dll
0x00007ffd8ad40000 - 0x00007ffd8ad4a000 	C:\Program Files\Android\Android Studio1\jre\bin\management.dll
0x00007ffd8aa00000 - 0x00007ffd8aa0d000 	C:\Program Files\Android\Android Studio1\jre\bin\management_ext.dll
0x00007ffd9c6f0000 - 0x00007ffd9c708000 	C:\Windows\SYSTEM32\CRYPTSP.dll
0x00007ffd9be80000 - 0x00007ffd9beb4000 	C:\Windows\system32\rsaenh.dll
0x00007ffd9cea0000 - 0x00007ffd9cec7000 	C:\Windows\System32\bcrypt.dll
0x00007ffd9cd20000 - 0x00007ffd9cd4e000 	C:\Windows\SYSTEM32\USERENV.dll
0x00007ffd9c710000 - 0x00007ffd9c71c000 	C:\Windows\SYSTEM32\CRYPTBASE.dll
0x00007ffd9c1f0000 - 0x00007ffd9c22b000 	C:\Windows\SYSTEM32\IPHLPAPI.DLL
0x00007ffd9dac0000 - 0x00007ffd9dac8000 	C:\Windows\System32\NSI.dll
0x00007ffd92170000 - 0x00007ffd92187000 	C:\Windows\SYSTEM32\dhcpcsvc6.DLL
0x00007ffd93ba0000 - 0x00007ffd93bbd000 	C:\Windows\SYSTEM32\dhcpcsvc.DLL
0x00007ffd9c230000 - 0x00007ffd9c2fb000 	C:\Windows\SYSTEM32\DNSAPI.dll
0x00007ffd9bb10000 - 0x00007ffd9bb43000 	C:\Windows\SYSTEM32\ntmarta.dll
0x00007ffd9a650000 - 0x00007ffd9a6e0000 	C:\Windows\system32\apphelp.dll
0x00007ffd7bab0000 - 0x00007ffd7bad7000 	C:\Program Files\Android\Android Studio1\jre\bin\sunec.dll

dbghelp: loaded successfully - version: 4.0.5 - missing functions: none
symbol engine: initialized successfully - sym options: 0x614 - pdb path: .;C:\Program Files\Android\Android Studio1\jre\bin;C:\Windows\SYSTEM32;C:\Windows\WinSxS\amd64_microsoft.windows.common-controls_6595b64144ccf1df_6.0.19041.1110_none_60b5254171f9507e;C:\Program Files\Android\Android Studio1\jre\bin\server;C:\Users\Ester\.gradle\native\e1d6ef7f7dcc3fd88c89a11ec53ec762bb8ba0a96d01ffa2cd45eb1d1d8dd5c5\windows-amd64;C:\Users\Ester\.gradle\native\5664cfc778a61ccfe75a443a1ab52a65af34e5dc3c78e0209fed803814484fcb\windows-amd64

VM Arguments:
jvm_args: --add-opens=java.base/java.util=ALL-UNNAMED --add-opens=java.base/java.lang=ALL-UNNAMED --add-opens=java.base/java.lang.invoke=ALL-UNNAMED --add-opens=java.base/java.util=ALL-UNNAMED --add-opens=java.prefs/java.util.prefs=ALL-UNNAMED --add-opens=java.prefs/java.util.prefs=ALL-UNNAMED --add-opens=java.base/java.nio.charset=ALL-UNNAMED --add-opens=java.base/java.net=ALL-UNNAMED --add-opens=java.base/java.util.concurrent.atomic=ALL-UNNAMED -Xmx2048m -Dfile.encoding=UTF-8 -Duser.country=BR -Duser.language=pt -Duser.variant 
java_command: org.gradle.launcher.daemon.bootstrap.GradleDaemon 7.2
java_class_path (initial): C:\Users\Ester\.gradle\wrapper\dists\gradle-7.2-bin\2dnblmf4td7x66yl1d74lt32g\gradle-7.2\lib\gradle-launcher-7.2.jar
Launcher Type: SUN_STANDARD

[Global flags]
     intx CICompilerCount                          = 4                                         {product} {ergonomic}
     uint ConcGCThreads                            = 2                                         {product} {ergonomic}
     uint G1ConcRefinementThreads                  = 8                                         {product} {ergonomic}
   size_t G1HeapRegionSize                         = 1048576                                   {product} {ergonomic}
    uintx GCDrainStackTargetSize                   = 64                                        {product} {ergonomic}
   size_t InitialHeapSize                          = 268435456                                 {product} {ergonomic}
   size_t MarkStackSize                            = 4194304                                   {product} {ergonomic}
   size_t MaxHeapSize                              = 2147483648                                {product} {command line}
   size_t MaxNewSize                               = 1287651328                                {product} {ergonomic}
   size_t MinHeapDeltaBytes                        = 1048576                                   {product} {ergonomic}
    uintx NonNMethodCodeHeapSize                   = 5836300                                {pd product} {ergonomic}
    uintx NonProfiledCodeHeapSize                  = 122910970                              {pd product} {ergonomic}
    uintx ProfiledCodeHeapSize                     = 122910970                              {pd product} {ergonomic}
    uintx ReservedCodeCacheSize                    = 251658240                              {pd product} {ergonomic}
     bool SegmentedCodeCache                       = true                                      {product} {ergonomic}
     bool UseCompressedClassPointers               = true                                 {lp64_product} {ergonomic}
     bool UseCompressedOops                        = true                                 {lp64_product} {ergonomic}
     bool UseG1GC                                  = true                                      {product} {ergonomic}
     bool UseLargePagesIndividualAllocation        = false                                  {pd product} {ergonomic}

Logging:
Log output configuration:
 #0: stdout all=warning uptime,level,tags
 #1: stderr all=off uptime,level,tags

Environment Variables:
JAVA_HOME=C:\Users\Ester\Downloads\jdk-11.0.10_windows-x64_bin.exe
CLASSPATH=.
PATH=C:\Program Files\Common Files\Oracle\Java\javapath;C:\Python310\Scripts\;C:\Python310\;C:\Windows\system32;C:\Windows;C:\Windows\System32\Wbem;C:\Windows\System32\WindowsPowerShell\v1.0\;C:\Windows\System32\OpenSSH\;C:\Program Files\nodejs\;C:\ProgramData\chocolatey\bin;C:\Users\Ester\Downloads\jdk-11.0.10_windows-x64_bin.exe\bin;C:\Program Files\Git\cmd;C:\Users\Ester\AppData\Local\Microsoft\WindowsApps;;C:\Users\Ester\AppData\Local\Programs\Microsoft VS Code\bin;C:\Users\Ester\AppData\Roaming\npm;C:\Program Files\JetBrains\IntelliJ IDEA Community Edition 2021.3.2\bin;
USERNAME=Ester
OS=Windows_NT
PROCESSOR_IDENTIFIER=Intel64 Family 6 Model 158 Stepping 9, GenuineIntel



---------------  S Y S T E M  ---------------

OS: Windows 10 , 64 bit Build 19041 (10.0.19041.1503)
OS uptime: 0 days 21:16 hours

CPU:total 8 (initial active 8) (4 cores per cpu, 2 threads per core) family 6 model 158 stepping 9 microcode 0xb4, cmov, cx8, fxsr, mmx, sse, sse2, sse3, ssse3, sse4.1, sse4.2, popcnt, avx, avx2, aes, clmul, erms, 3dnowpref, lzcnt, ht, tsc, tscinvbit, bmi1, bmi2, adx, fma

Memory: 4k page, system-wide physical 16293M (7147M free)
TotalPageFile size 24473M (AvailPageFile size 12271M)
current process WorkingSet (physical memory assigned to process): 566M, peak: 633M
current process commit charge ("private bytes"): 687M, peak: 739M

vm_info: OpenJDK 64-Bit Server VM (11.0.11+9-b60-7590822) for windows-amd64 JRE (11.0.11+9-b60-7590822), built on Jul 29 2021 21:43:44 by "builder" with MS VC++ 14.0 (VS2015)

END.
